application/Planti/app/build/intermediates/manifest_merge_blame_file/debug/manifest-merger-blame-debug-report.txt
1<?xml version="1.0" encoding="utf-8"?>
2<manifest xmlns:android="http://schemas.android.com/apk/res/android"
3    package="com.shubham.introslider"
4    android:versionCode="1"
5    android:versionName="1.0" >
6
7    <uses-sdk
8        android:minSdkVersion="28"
8-->src\main\AndroidManifest.xml
9        android:targetSdkVersion="30" />
9-->src\main\AndroidManifest.xml
10
11    <uses-permission android:name="android.permission.INTERNET" />
11-->src\main\AndroidManifest.xml:5:5-67
11-->src\main\AndroidManifest.xml:5:22-64
12    <uses-permission android:name="android.permission.CAMERA" />
12-->src\main\AndroidManifest.xml:6:5-65
12-->src\main\AndroidManifest.xml:6:22-62
13
14    <application
14-->src\main\AndroidManifest.xml:8:5-78:19
15        android:allowBackup="true"
15-->src\main\AndroidManifest.xml:9:9-35
16        android:appComponentFactory="androidx.core.app.CoreComponentFactory"
16-->[androidx.core:core:1.3.1] AndroidManifest.xml:24:18-86
17        android:debuggable="true"
18        android:extractNativeLibs="false"
19        android:icon="@mipmap/ic_launcher_round"
19-->src\main\AndroidManifest.xml:10:9-49
20        android:label="@string/app_name"
20-->src\main\AndroidManifest.xml:11:9-41
21        android:roundIcon="@mipmap/ic_launcher_round"
21-->src\main\AndroidManifest.xml:12:9-54
22        android:supportsRtl="true"
22-->src\main\AndroidManifest.xml:13:9-35
23        android:testOnly="true"
24        android:theme="@style/AppTheme"
24-->src\main\AndroidManifest.xml:14:9-40
25        android:usesCleartextTraffic="true" >
25-->src\main\AndroidManifest.xml:15:9-44
26        <activity
26-->src\main\AndroidManifest.xml:16:9-19:20
27            android:name="com.shubham.introslider.grd"
27-->src\main\AndroidManifest.xml:16:19-38
28            android:label="Grapes"
28-->src\main\AndroidManifest.xml:17:13-35
29            android:parentActivityName="com.shubham.introslider.log" >
29-->src\main\AndroidManifest.xml:18:13-46
30        </activity>
31        <activity
31-->src\main\AndroidManifest.xml:20:9-22:48
32            android:name="com.shubham.introslider.grc"
32-->src\main\AndroidManifest.xml:20:19-38
33            android:label="Grapes"
33-->src\main\AndroidManifest.xml:21:13-35
34            android:parentActivityName="com.shubham.introslider.log" />
34-->src\main\AndroidManifest.xml:22:13-46
35        <activity
35-->src\main\AndroidManifest.xml:23:9-25:48
36            android:name="com.shubham.introslider.pod"
36-->src\main\AndroidManifest.xml:23:19-38
37            android:label="Potato"
37-->src\main\AndroidManifest.xml:24:13-35
38            android:parentActivityName="com.shubham.introslider.log" />
38-->src\main\AndroidManifest.xml:25:13-46
39        <activity
39-->src\main\AndroidManifest.xml:26:9-28:48
40            android:name="com.shubham.introslider.poc"
40-->src\main\AndroidManifest.xml:26:19-38
41            android:label="Potato"
41-->src\main\AndroidManifest.xml:27:13-35
42            android:parentActivityName="com.shubham.introslider.log" />
42-->src\main\AndroidManifest.xml:28:13-46
43        <activity
43-->src\main\AndroidManifest.xml:29:9-31:48
44            android:name="com.shubham.introslider.mud"
44-->src\main\AndroidManifest.xml:29:19-38
45            android:label="Mulberry"
45-->src\main\AndroidManifest.xml:30:13-37
46            android:parentActivityName="com.shubham.introslider.log" />
46-->src\main\AndroidManifest.xml:31:13-46
47        <activity
47-->src\main\AndroidManifest.xml:32:9-34:48
48            android:name="com.shubham.introslider.muc"
48-->src\main\AndroidManifest.xml:32:19-38
49            android:label="Mulberry"
49-->src\main\AndroidManifest.xml:33:13-37
50            android:parentActivityName="com.shubham.introslider.log" />
50-->src\main\AndroidManifest.xml:34:13-46
51        <activity
51-->src\main\AndroidManifest.xml:35:9-37:48
52            android:name="com.shubham.introslider.std"
52-->src\main\AndroidManifest.xml:35:19-38
53            android:label="Strawberry"
53-->src\main\AndroidManifest.xml:36:13-39
54            android:parentActivityName="com.shubham.introslider.log" />
54-->src\main\AndroidManifest.xml:37:13-46
55        <activity
55-->src\main\AndroidManifest.xml:38:9-40:48
56            android:name="com.shubham.introslider.stc"
56-->src\main\AndroidManifest.xml:38:19-38
57            android:label="Strawberry"
57-->src\main\AndroidManifest.xml:39:13-39
58            android:parentActivityName="com.shubham.introslider.log" />
58-->src\main\AndroidManifest.xml:40:13-46
59        <activity
59-->src\main\AndroidManifest.xml:41:9-43:48
60            android:name="com.shubham.introslider.led"
60-->src\main\AndroidManifest.xml:41:19-38
61            android:label="Lemon"
61-->src\main\AndroidManifest.xml:42:13-34
62            android:parentActivityName="com.shubham.introslider.log" />
62-->src\main\AndroidManifest.xml:43:13-46
63        <activity
63-->src\main\AndroidManifest.xml:44:9-46:48
64            android:name="com.shubham.introslider.lec"
64-->src\main\AndroidManifest.xml:44:19-38
65            android:label="Lemon"
65-->src\main\AndroidManifest.xml:45:13-34
66            android:parentActivityName="com.shubham.introslider.log" />
66-->src\main\AndroidManifest.xml:46:13-46
67        <activity
67-->src\main\AndroidManifest.xml:47:9-49:48
68            android:name="com.shubham.introslider.cherryc"
68-->src\main\AndroidManifest.xml:47:19-42
69            android:label="Cherry"
69-->src\main\AndroidManifest.xml:48:13-35
70            android:parentActivityName="com.shubham.introslider.log" />
70-->src\main\AndroidManifest.xml:49:13-46
71        <activity
71-->src\main\AndroidManifest.xml:50:9-52:48
72            android:name="com.shubham.introslider.cherryd"
72-->src\main\AndroidManifest.xml:50:19-42
73            android:label="Cherry"
73-->src\main\AndroidManifest.xml:51:13-35
74            android:parentActivityName="com.shubham.introslider.log" />
74-->src\main\AndroidManifest.xml:52:13-46
75        <activity android:name="com.shubham.introslider.weather" />
75-->src\main\AndroidManifest.xml:53:9-45
75-->src\main\AndroidManifest.xml:53:19-42
76        <activity android:name="com.shubham.introslider.po" />
76-->src\main\AndroidManifest.xml:54:9-40
76-->src\main\AndroidManifest.xml:54:19-37
77        <activity android:name="com.shubham.introslider.le" />
77-->src\main\AndroidManifest.xml:55:9-40
77-->src\main\AndroidManifest.xml:55:19-37
78        <activity android:name="com.shubham.introslider.mu" />
78-->src\main\AndroidManifest.xml:56:9-40
78-->src\main\AndroidManifest.xml:56:19-37
79        <activity android:name="com.shubham.introslider.ch" />
79-->src\main\AndroidManifest.xml:57:9-40
79-->src\main\AndroidManifest.xml:57:19-37
80        <activity android:name="com.shubham.introslider.gr" />
80-->src\main\AndroidManifest.xml:58:9-40
80-->src\main\AndroidManifest.xml:58:19-37
81        <activity android:name="com.shubham.introslider.st" />
81-->src\main\AndroidManifest.xml:59:9-40
81-->src\main\AndroidManifest.xml:59:19-37
82        <activity android:name="com.shubham.introslider.search" />
82-->src\main\AndroidManifest.xml:60:9-44
82-->src\main\AndroidManifest.xml:60:19-41
83        <activity android:name="com.shubham.introslider.disease" />
83-->src\main\AndroidManifest.xml:61:9-45
83-->src\main\AndroidManifest.xml:61:19-42
84        <activity android:name="com.shubham.introslider.BaseActivity" />
84-->src\main\AndroidManifest.xml:62:9-50
84-->src\main\AndroidManifest.xml:62:19-47
85        <activity android:name="com.shubham.introslider.log" />
85-->src\main\AndroidManifest.xml:63:9-41
85-->src\main\AndroidManifest.xml:63:19-38
86        <activity android:name="com.shubham.introslider.ActivityHome" />
86-->src\main\AndroidManifest.xml:64:9-50
86-->src\main\AndroidManifest.xml:64:19-47
87        <activity
87-->src\main\AndroidManifest.xml:65:9-73:20
88            android:name="com.shubham.introslider.MainActivity"
88-->src\main\AndroidManifest.xml:66:13-41
89            android:screenOrientation="portrait" >
89-->src\main\AndroidManifest.xml:67:13-49
90            <intent-filter>
90-->src\main\AndroidManifest.xml:68:13-72:29
91                <action android:name="android.intent.action.MAIN" />
91-->src\main\AndroidManifest.xml:69:17-69
91-->src\main\AndroidManifest.xml:69:25-66
92
93                <category android:name="android.intent.category.LAUNCHER" />
93-->src\main\AndroidManifest.xml:71:17-77
93-->src\main\AndroidManifest.xml:71:27-74
94            </intent-filter>
95        </activity>
96
97        <meta-data
97-->src\main\AndroidManifest.xml:75:9-77:57
98            android:name="preloaded_fonts"
98-->src\main\AndroidManifest.xml:76:13-43
99            android:resource="@array/preloaded_fonts" />
99-->src\main\AndroidManifest.xml:77:13-54
100
101        <provider
101-->[com.squareup.picasso:picasso:2.71828] AndroidManifest.xml:8:9-11:40
102            android:name="com.squareup.picasso.PicassoProvider"
102-->[com.squareup.picasso:picasso:2.71828] AndroidManifest.xml:9:13-64
103            android:authorities="com.shubham.introslider.com.squareup.picasso"
103-->[com.squareup.picasso:picasso:2.71828] AndroidManifest.xml:10:13-72
104            android:exported="false" />
104-->[com.squareup.picasso:picasso:2.71828] AndroidManifest.xml:11:13-37
105    </application>
106
107</manifest>